#
# There is insufficient memory for the Java Runtime Environment to continue.
# Native memory allocation (mmap) failed to map 199753728 bytes for committing reserved memory.
# Possible reasons:
#   The system is out of physical RAM or swap space
#   In 32 bit mode, the process size limit was hit
# Possible solutions:
#   Reduce memory load on the system
#   Increase physical memory or swap space
#   Check if swap backing store is full
#   Use 64 bit Java on a 64 bit OS
#   Decrease Java heap size (-Xmx/-Xms)
#   Decrease number of Java threads
#   Decrease Java thread stack sizes (-Xss)
#   Set larger code cache with -XX:ReservedCodeCacheSize=
# This output file may be truncated or incomplete.
#
#  Out of Memory Error (os_linux.cpp:2673), pid=5940, tid=139860605867776
#
# JRE version: Java(TM) SE Runtime Environment (8.0_45-b14) (build 1.8.0_45-b14)
# Java VM: Java HotSpot(TM) 64-Bit Server VM (25.45-b02 mixed mode linux-amd64 compressed oops)
# Failed to write core dump. Core dumps have been disabled. To enable core dumping, try "ulimit -c unlimited" before starting Java again
#

---------------  T H R E A D  ---------------

Current thread (0x00007f33e8140000):  VMThread [stack: 0x00007f33d5ab1000,0x00007f33d5bb2000] [id=5952]

Stack: [0x00007f33d5ab1000,0x00007f33d5bb2000],  sp=0x00007f33d5bb03a0,  free space=1020k
Native frames: (J=compiled Java code, j=interpreted, Vv=VM code, C=native code)
V  [libjvm.so+0xaac99a]  VMError::report_and_die()+0x2ba
V  [libjvm.so+0x4f333b]  report_vm_out_of_memory(char const*, int, unsigned long, VMErrorType, char const*)+0x8b
V  [libjvm.so+0x90e7c3]  os::Linux::commit_memory_impl(char*, unsigned long, bool)+0x103
V  [libjvm.so+0x90ed19]  os::pd_commit_memory(char*, unsigned long, unsigned long, bool)+0x29
V  [libjvm.so+0x90867a]  os::commit_memory(char*, unsigned long, unsigned long, bool)+0x2a
V  [libjvm.so+0x97bac3]  PSVirtualSpace::expand_by(unsigned long)+0x53
V  [libjvm.so+0x96c320]  PSOldGen::expand(unsigned long)+0x170
V  [libjvm.so+0x96c52b]  PSOldGen::resize(unsigned long)+0x1cb
V  [libjvm.so+0x974241]  PSParallelCompact::invoke_no_policy(bool)+0x9d1
V  [libjvm.so+0x979bed]  PSScavenge::invoke()+0x1ad
V  [libjvm.so+0x932050]  ParallelScavengeHeap::failed_mem_allocate(unsigned long)+0x70
V  [libjvm.so+0xaae1d7]  VM_ParallelGCFailedAllocation::doit()+0x97
V  [libjvm.so+0xab59c5]  VM_Operation::evaluate()+0x55
V  [libjvm.so+0xab3d9a]  VMThread::evaluate_operation(VM_Operation*)+0xba
V  [libjvm.so+0xab411e]  VMThread::loop()+0x1ce
V  [libjvm.so+0xab4590]  VMThread::run()+0x70
V  [libjvm.so+0x910de8]  java_start(Thread*)+0x108

VM_Operation (0x00007f33ee8bb0d0): ParallelGCFailedAllocation, mode: safepoint, requested by thread 0x00007f33e800a800


---------------  P R O C E S S  ---------------

Java Threads: ( => current thread )
  0x00007f33e900b800 JavaThread "Report about progress of Java AST analyzer" [_thread_blocked, id=5989, stack(0x00007f33d4163000,0x00007f33d4264000)]
  0x00007f33e8e57000 JavaThread "pool-2-thread-1" [_thread_blocked, id=5983, stack(0x00007f33c535c000,0x00007f33c545d000)]
  0x00007f33e9174000 JavaThread "CLEANUP_MANAGER" [_thread_blocked, id=5973, stack(0x00007f33c565d000,0x00007f33c575e000)]
  0x00007f33e9140000 JavaThread "CHECKPOINT_WRITER" [_thread_blocked, id=5972, stack(0x00007f33c575e000,0x00007f33c585f000)]
  0x00007f33e916e800 JavaThread "TXN_UPDATE" [_thread_blocked, id=5971, stack(0x00007f33c585f000,0x00007f33c5960000)]
  0x00007f33e9160800 JavaThread "PAGE_WRITER:8192" [_thread_blocked, id=5970, stack(0x00007f33c5b60000,0x00007f33c5c61000)]
  0x00007f33e915e800 JavaThread "JOURNAL_FLUSHER" [_thread_blocked, id=5969, stack(0x00007f33c5c61000,0x00007f33c5d62000)]
  0x00007f33e915d800 JavaThread "JOURNAL_COPIER" [_thread_blocked, id=5968, stack(0x00007f33c5d62000,0x00007f33c5e63000)]
  0x00007f33e9112000 JavaThread "LOG_FLUSHER" daemon [_thread_blocked, id=5967, stack(0x00007f33c6074000,0x00007f33c6175000)]
  0x00007f33e8aad800 JavaThread "Abandoned connection cleanup thread" daemon [_thread_blocked, id=5963, stack(0x00007f33c7396000,0x00007f33c7497000)]
  0x00007f33e81cc800 JavaThread "Service Thread" daemon [_thread_blocked, id=5959, stack(0x00007f33d457c000,0x00007f33d467d000)]
  0x00007f33e81c1000 JavaThread "C1 CompilerThread2" daemon [_thread_blocked, id=5958, stack(0x00007f33d467d000,0x00007f33d477e000)]
  0x00007f33e81bf800 JavaThread "C2 CompilerThread1" daemon [_thread_blocked, id=5957, stack(0x00007f33d477e000,0x00007f33d487f000)]
  0x00007f33e81ba800 JavaThread "C2 CompilerThread0" daemon [_thread_blocked, id=5956, stack(0x00007f33d487f000,0x00007f33d4980000)]
  0x00007f33e817f800 JavaThread "Signal Dispatcher" daemon [_thread_blocked, id=5955, stack(0x00007f33d54e5000,0x00007f33d55e6000)]
  0x00007f33e8147000 JavaThread "Finalizer" daemon [_thread_blocked, id=5954, stack(0x00007f33d58af000,0x00007f33d59b0000)]
  0x00007f33e8145000 JavaThread "Reference Handler" daemon [_thread_blocked, id=5953, stack(0x00007f33d59b0000,0x00007f33d5ab1000)]
  0x00007f33e800a800 JavaThread "main" [_thread_blocked, id=5947, stack(0x00007f33ee7be000,0x00007f33ee8bf000)]

Other Threads:
=>0x00007f33e8140000 VMThread [stack: 0x00007f33d5ab1000,0x00007f33d5bb2000] [id=5952]
  0x00007f33e81cf000 WatcherThread [stack: 0x00007f33d447b000,0x00007f33d457c000] [id=5960]

VM state:at safepoint (normal execution)

VM Mutex/Monitor currently owned by a thread:  ([mutex/lock_event])
[0x00007f33e8006930] ExpandHeap_lock - owner thread: 0x00007f33e8140000
[0x00007f33e8006fb0] Threads_lock - owner thread: 0x00007f33e8140000
[0x00007f33e80074b0] Heap_lock - owner thread: 0x00007f33e800a800

Heap:
 PSYoungGen      total 495616K, used 0K [0x00000000d6d80000, 0x00000000ffb80000, 0x0000000100000000)
  eden space 330752K, 0% used [0x00000000d6d80000,0x00000000d6d80000,0x00000000eb080000)
  from space 164864K, 0% used [0x00000000f5a80000,0x00000000f5a80000,0x00000000ffb80000)
  to   space 169472K, 0% used [0x00000000eb080000,0x00000000eb080000,0x00000000f5600000)
 ParOldGen       total 390144K, used 389058K [0x0000000084800000, 0x000000009c500000, 0x00000000d6d80000)
  object space 390144K, 99% used [0x0000000084800000,0x000000009c3f08a0,0x000000009c500000)
 Metaspace       used 45890K, capacity 47390K, committed 47488K, reserved 1091584K
  class space    used 5613K, capacity 5934K, committed 6016K, reserved 1048576K

Card table byte_map: [0x00007f33d7e0c000,0x00007f33d81e9000] byte_map_base: 0x00007f33d79e8000

Marking Bits: (ParMarkBitMap*) 0x00007f33edcaf760
 Begin Bits: [0x00007f33cc240000, 0x00007f33ce120000)
 End Bits:   [0x00007f33ce120000, 0x00007f33d0000000)

Polling page: 0x00007f33ee8fc000

CodeCache: size=245760Kb used=25830Kb max_used=25842Kb free=219929Kb
 bounds [0x00007f33d85a9000, 0x00007f33d9f19000, 0x00007f33e75a9000]
 total_blobs=8407 nmethods=7848 adapters=470
 compilation: enabled

Compilation events (10 events):
Event: 34.465 Thread 0x00007f33e81bf800 8976       4       org.sonar.java.resolve.Resolve::unresolved (28 bytes)
Event: 34.467 Thread 0x00007f33e81bf800 nmethod 8976 0x00007f33d9ee8910 code [0x00007f33d9ee8a60, 0x00007f33d9ee8b88]
Event: 34.467 Thread 0x00007f33e81bf800 8981       4       org.sonar.java.resolve.Resolve$Resolution::<init> (5 bytes)
Event: 34.467 Thread 0x00007f33e81bf800 nmethod 8981 0x00007f33d8fdb610 code [0x00007f33d8fdb760, 0x00007f33d8fdb7b8]
Event: 34.470 Thread 0x00007f33e81bf800 9065       4       org.sonar.java.model.statement.IfStatementTreeImpl::accept (8 bytes)
Event: 34.471 Thread 0x00007f33e81bf800 nmethod 9065 0x00007f33d9e985d0 code [0x00007f33d9e98720, 0x00007f33d9e98798]
Event: 34.471 Thread 0x00007f33e81bf800 9066       4       org.sonar.plugins.java.api.tree.BaseTreeVisitor::visitIfStatement (31 bytes)
Event: 34.472 Thread 0x00007f33e81bf800 nmethod 9066 0x00007f33d9ee8550 code [0x00007f33d9ee86a0, 0x00007f33d9ee8798]
Event: 34.473 Thread 0x00007f33e81bf800 9067       4       org.sonar.java.model.expression.ParenthesizedTreeImpl::accept (8 bytes)
Event: 34.474 Thread 0x00007f33e81bf800 nmethod 9067 0x00007f33d9ee82d0 code [0x00007f33d9ee8420, 0x00007f33d9ee8498]

GC Heap History (10 events):
Event: 26.641 GC heap after
Heap after GC invocations=16 (full 4):
 PSYoungGen      total 501760K, used 39870K [0x00000000d6d80000, 0x0000000100000000, 0x0000000100000000)
  eden space 438784K, 0% used [0x00000000d6d80000,0x00000000d6d80000,0x00000000f1a00000)
  from space 62976K, 63% used [0x00000000f9700000,0x00000000fbdefa18,0x00000000fd480000)
  to   space 117760K, 0% used [0x00000000f1a00000,0x00000000f1a00000,0x00000000f8d00000)
 ParOldGen       total 385024K, used 211964K [0x0000000084800000, 0x000000009c000000, 0x00000000d6d80000)
  object space 385024K, 55% used [0x0000000084800000,0x00000000916ff3c0,0x000000009c000000)
 Metaspace       used 45597K, capacity 46844K, committed 47104K, reserved 1091584K
  class space    used 5579K, capacity 5875K, committed 5888K, reserved 1048576K
}
Event: 28.602 GC heap before
{Heap before GC invocations=17 (full 4):
 PSYoungGen      total 501760K, used 478654K [0x00000000d6d80000, 0x0000000100000000, 0x0000000100000000)
  eden space 438784K, 100% used [0x00000000d6d80000,0x00000000f1a00000,0x00000000f1a00000)
  from space 62976K, 63% used [0x00000000f9700000,0x00000000fbdefa18,0x00000000fd480000)
  to   space 117760K, 0% used [0x00000000f1a00000,0x00000000f1a00000,0x00000000f8d00000)
 ParOldGen       total 385024K, used 211964K [0x0000000084800000, 0x000000009c000000, 0x00000000d6d80000)
  object space 385024K, 55% used [0x0000000084800000,0x00000000916ff3c0,0x000000009c000000)
 Metaspace       used 45839K, capacity 47262K, committed 47488K, reserved 1091584K
  class space    used 5613K, capacity 5934K, committed 6016K, reserved 1048576K
Event: 28.964 GC heap after
Heap after GC invocations=17 (full 4):
 PSYoungGen      total 556544K, used 117758K [0x00000000d6d80000, 0x0000000100000000, 0x0000000100000000)
  eden space 438784K, 0% used [0x00000000d6d80000,0x00000000d6d80000,0x00000000f1a00000)
  from space 117760K, 99% used [0x00000000f1a00000,0x00000000f8cff910,0x00000000f8d00000)
  to   space 117760K, 0% used [0x00000000f8d00000,0x00000000f8d00000,0x0000000100000000)
 ParOldGen       total 385024K, used 247397K [0x0000000084800000, 0x000000009c000000, 0x00000000d6d80000)
  object space 385024K, 64% used [0x0000000084800000,0x0000000093999748,0x000000009c000000)
 Metaspace       used 45839K, capacity 47262K, committed 47488K, reserved 1091584K
  class space    used 5613K, capacity 5934K, committed 6016K, reserved 1048576K
}
Event: 31.181 GC heap before
{Heap before GC invocations=18 (full 4):
 PSYoungGen      total 556544K, used 556542K [0x00000000d6d80000, 0x0000000100000000, 0x0000000100000000)
  eden space 438784K, 100% used [0x00000000d6d80000,0x00000000f1a00000,0x00000000f1a00000)
  from space 117760K, 99% used [0x00000000f1a00000,0x00000000f8cff910,0x00000000f8d00000)
  to   space 117760K, 0% used [0x00000000f8d00000,0x00000000f8d00000,0x0000000100000000)
 ParOldGen       total 385024K, used 247397K [0x0000000084800000, 0x000000009c000000, 0x00000000d6d80000)
  object space 385024K, 64% used [0x0000000084800000,0x0000000093999748,0x000000009c000000)
 Metaspace       used 45885K, capacity 47390K, committed 47488K, reserved 1091584K
  class space    used 5613K, capacity 5934K, committed 6016K, reserved 1048576K
Event: 33.789 GC heap after
Heap after GC invocations=18 (full 4):
 PSYoungGen      total 443904K, used 117728K [0x00000000d6d80000, 0x0000000100000000, 0x0000000100000000)
  eden space 326144K, 0% used [0x00000000d6d80000,0x00000000d6d80000,0x00000000eac00000)
  from space 117760K, 99% used [0x00000000f8d00000,0x00000000ffff8010,0x0000000100000000)
  to   space 174080K, 0% used [0x00000000eac00000,0x00000000eac00000,0x00000000f5600000)
 ParOldGen       total 385024K, used 271869K [0x0000000084800000, 0x000000009c000000, 0x00000000d6d80000)
  object space 385024K, 70% used [0x0000000084800000,0x000000009517f410,0x000000009c000000)
 Metaspace       used 45885K, capacity 47390K, committed 47488K, reserved 1091584K
  class space    used 5613K, capacity 5934K, committed 6016K, reserved 1048576K
}
Event: 33.982 GC heap before
{Heap before GC invocations=19 (full 4):
 PSYoungGen      total 443904K, used 443872K [0x00000000d6d80000, 0x0000000100000000, 0x0000000100000000)
  eden space 326144K, 100% used [0x00000000d6d80000,0x00000000eac00000,0x00000000eac00000)
  from space 117760K, 99% used [0x00000000f8d00000,0x00000000ffff8010,0x0000000100000000)
  to   space 174080K, 0% used [0x00000000eac00000,0x00000000eac00000,0x00000000f5600000)
 ParOldGen       total 385024K, used 271869K [0x0000000084800000, 0x000000009c000000, 0x00000000d6d80000)
  object space 385024K, 70% used [0x0000000084800000,0x000000009517f410,0x000000009c000000)
 Metaspace       used 45890K, capacity 47390K, committed 47488K, reserved 1091584K
  class space    used 5613K, capacity 5934K, committed 6016K, reserved 1048576K
Event: 34.319 GC heap after
Heap after GC invocations=19 (full 4):
 PSYoungGen      total 500224K, used 78976K [0x00000000d6d80000, 0x0000000100000000, 0x0000000100000000)
  eden space 326144K, 0% used [0x00000000d6d80000,0x00000000d6d80000,0x00000000eac00000)
  from space 174080K, 45% used [0x00000000eac00000,0x00000000ef920020,0x00000000f5600000)
  to   space 169472K, 0% used [0x00000000f5a80000,0x00000000f5a80000,0x0000000100000000)
 ParOldGen       total 385024K, used 311077K [0x0000000084800000, 0x000000009c000000, 0x00000000d6d80000)
  object space 385024K, 80% used [0x0000000084800000,0x00000000977c9410,0x000000009c000000)
 Metaspace       used 45890K, capacity 47390K, committed 47488K, reserved 1091584K
  class space    used 5613K, capacity 5934K, committed 6016K, reserved 1048576K
}
Event: 34.476 GC heap before
{Heap before GC invocations=20 (full 4):
 PSYoungGen      total 500224K, used 405120K [0x00000000d6d80000, 0x0000000100000000, 0x0000000100000000)
  eden space 326144K, 100% used [0x00000000d6d80000,0x00000000eac00000,0x00000000eac00000)
  from space 174080K, 45% used [0x00000000eac00000,0x00000000ef920020,0x00000000f5600000)
  to   space 169472K, 0% used [0x00000000f5a80000,0x00000000f5a80000,0x0000000100000000)
 ParOldGen       total 385024K, used 311077K [0x0000000084800000, 0x000000009c000000, 0x00000000d6d80000)
  object space 385024K, 80% used [0x0000000084800000,0x00000000977c9410,0x000000009c000000)
 Metaspace       used 45890K, capacity 47390K, committed 47488K, reserved 1091584K
  class space    used 5613K, capacity 5934K, committed 6016K, reserved 1048576K
Event: 34.690 GC heap after
Heap after GC invocations=20 (full 4):
 PSYoungGen      total 495616K, used 576K [0x00000000d6d80000, 0x00000000ffb80000, 0x0000000100000000)
  eden space 330752K, 0% used [0x00000000d6d80000,0x00000000d6d80000,0x00000000eb080000)
  from space 164864K, 0% used [0x00000000f5a80000,0x00000000f5b10010,0x00000000ffb80000)
  to   space 169472K, 0% used [0x00000000eb080000,0x00000000eb080000,0x00000000f5600000)
 ParOldGen       total 390144K, used 389964K [0x0000000084800000, 0x000000009c500000, 0x00000000d6d80000)
  object space 390144K, 99% used [0x0000000084800000,0x000000009c4d3130,0x000000009c500000)
 Metaspace       used 45890K, capacity 47390K, committed 47488K, reserved 1091584K
  class space    used 5613K, capacity 5934K, committed 6016K, reserved 1048576K
}
Event: 34.692 GC heap before
{Heap before GC invocations=21 (full 5):
 PSYoungGen      total 495616K, used 576K [0x00000000d6d80000, 0x00000000ffb80000, 0x0000000100000000)
  eden space 330752K, 0% used [0x00000000d6d80000,0x00000000d6d80000,0x00000000eb080000)
  from space 164864K, 0% used [0x00000000f5a80000,0x00000000f5b10010,0x00000000ffb80000)
  to   space 169472K, 0% used [0x00000000eb080000,0x00000000eb080000,0x00000000f5600000)
 ParOldGen       total 390144K, used 389964K [0x0000000084800000, 0x000000009c500000, 0x00000000d6d80000)
  object space 390144K, 99% used [0x0000000084800000,0x000000009c4d3130,0x000000009c500000)
 Metaspace       used 45890K, capacity 47390K, committed 47488K, reserved 1091584K
  class space    used 5613K, capacity 5934K, committed 6016K, reserved 1048576K

Deoptimization events (10 events):
Event: 29.634 Thread 0x00007f33e800a800 Uncommon trap: reason=unstable_if action=reinterpret pc=0x00007f33d9e733c4 method=org.sonar.java.resolve.Resolve.findIdent(Lorg/sonar/java/resolve/Resolve$Env;Ljava/lang/String;I)Lorg/sonar/java/resolve/Resolve$Resolution; @ 9
Event: 29.639 Thread 0x00007f33e800a800 Uncommon trap: reason=class_check action=maybe_recompile pc=0x00007f33d9e69a3c method=org.sonar.java.resolve.Resolve.isArgumentsAcceptable(Ljava/util/List;Ljava/util/List;ZZ)Z @ 162
Event: 29.639 Thread 0x00007f33e800a800 Uncommon trap: reason=class_check action=maybe_recompile pc=0x00007f33d9e69a3c method=org.sonar.java.resolve.Resolve.isArgumentsAcceptable(Ljava/util/List;Ljava/util/List;ZZ)Z @ 162
Event: 29.640 Thread 0x00007f33e800a800 Uncommon trap: reason=class_check action=maybe_recompile pc=0x00007f33d9e69a3c method=org.sonar.java.resolve.Resolve.isArgumentsAcceptable(Ljava/util/List;Ljava/util/List;ZZ)Z @ 162
Event: 29.640 Thread 0x00007f33e800a800 Uncommon trap: reason=class_check action=maybe_recompile pc=0x00007f33d9e69a3c method=org.sonar.java.resolve.Resolve.isArgumentsAcceptable(Ljava/util/List;Ljava/util/List;ZZ)Z @ 162
Event: 29.646 Thread 0x00007f33e800a800 Uncommon trap: reason=class_check action=maybe_recompile pc=0x00007f33d9aed124 method=org.sonar.java.resolve.JavaSymbol.complete()V @ 19
Event: 31.014 Thread 0x00007f33e800a800 Uncommon trap: reason=bimorphic action=maybe_recompile pc=0x00007f33d9e59730 method=org.sonar.java.model.statement.ExpressionStatementTreeImpl.accept(Lorg/sonar/plugins/java/api/tree/TreeVisitor;)V @ 2
Event: 31.015 Thread 0x00007f33e800a800 Uncommon trap: reason=bimorphic action=maybe_recompile pc=0x00007f33d9e59730 method=org.sonar.java.model.statement.ExpressionStatementTreeImpl.accept(Lorg/sonar/plugins/java/api/tree/TreeVisitor;)V @ 2
Event: 31.015 Thread 0x00007f33e800a800 Uncommon trap: reason=bimorphic action=maybe_recompile pc=0x00007f33d9e59730 method=org.sonar.java.model.statement.ExpressionStatementTreeImpl.accept(Lorg/sonar/plugins/java/api/tree/TreeVisitor;)V @ 2
Event: 31.015 Thread 0x00007f33e800a800 Uncommon trap: reason=bimorphic action=maybe_recompile pc=0x00007f33d9e59730 method=org.sonar.java.model.statement.ExpressionStatementTreeImpl.accept(Lorg/sonar/plugins/java/api/tree/TreeVisitor;)V @ 2

Internal exceptions (10 events):
Event: 12.291 Thread 0x00007f33e8a80800 Exception <a 'java/lang/InterruptedException': sleep interrupted> (0x00000000db35c918) thrown at [/RE-WORK/workspace/8-2-build-linux-amd64/jdk8u45/3457/hotspot/src/share/vm/prims/jvm.cpp, line 3211]
Event: 12.317 Thread 0x00007f33e800a800 Implicit null exception at 0x00007f33d91a3669 to 0x00007f33d91a39b1
Event: 16.475 Thread 0x00007f33e800a800 Implicit null exception at 0x00007f33d964dc2c to 0x00007f33d964dc5d
Event: 18.282 Thread 0x00007f33e800a800 Exception <a 'java/lang/NoSuchMethodError': <clinit>> (0x00000000e364b280) thrown at [/RE-WORK/workspace/8-2-build-linux-amd64/jdk8u45/3457/hotspot/src/share/vm/prims/jni.cpp, line 1598]
Event: 18.289 Thread 0x00007f33e800a800 Exception <a 'java/lang/NoSuchMethodError': <clinit>> (0x00000000e3692a90) thrown at [/RE-WORK/workspace/8-2-build-linux-amd64/jdk8u45/3457/hotspot/src/share/vm/prims/jni.cpp, line 1598]
Event: 18.839 Thread 0x00007f33e800a800 Implicit null exception at 0x00007f33d978d350 to 0x00007f33d978d363
Event: 18.922 Thread 0x00007f33e800a800 Implicit null exception at 0x00007f33d98ba790 to 0x00007f33d98ba7dd
Event: 19.753 Thread 0x00007f33e800a800 Exception <a 'java/lang/NoSuchMethodError': <clinit>> (0x00000000e2732328) thrown at [/RE-WORK/workspace/8-2-build-linux-amd64/jdk8u45/3457/hotspot/src/share/vm/prims/jni.cpp, line 1598]
Event: 19.909 Thread 0x00007f33e800a800 Exception <a 'java/lang/NoSuchMethodError': <clinit>> (0x00000000e33a11e8) thrown at [/RE-WORK/workspace/8-2-build-linux-amd64/jdk8u45/3457/hotspot/src/share/vm/prims/jni.cpp, line 1598]
Event: 21.053 Thread 0x00007f33e800a800 Implicit null exception at 0x00007f33d9aba094 to 0x00007f33d9aba6f5

Events (10 events):
Event: 31.015 Thread 0x00007f33e800a800 DEOPT PACKING pc=0x00007f33d9e59730 sp=0x00007f33ee8baf20
Event: 31.015 Thread 0x00007f33e800a800 DEOPT UNPACKING pc=0x00007f33d85ae229 sp=0x00007f33ee8baf10 mode 2
Event: 31.015 Thread 0x00007f33e800a800 Uncommon trap: trap_request=0xffffffc6 fr.pc=0x00007f33d9e59730
Event: 31.015 Thread 0x00007f33e800a800 DEOPT PACKING pc=0x00007f33d9e59730 sp=0x00007f33ee8bb040
Event: 31.015 Thread 0x00007f33e800a800 DEOPT UNPACKING pc=0x00007f33d85ae229 sp=0x00007f33ee8bb030 mode 2
Event: 31.169 Executing VM operation: ParallelGCFailedAllocation
Event: 33.792 Executing VM operation: ParallelGCFailedAllocation done
Event: 33.982 Executing VM operation: ParallelGCFailedAllocation
Event: 34.319 Executing VM operation: ParallelGCFailedAllocation done
Event: 34.476 Executing VM operation: ParallelGCFailedAllocation


Dynamic libraries:
00400000-00401000 r-xp 00000000 fc:00 26215982                           /usr/lib/jvm/java-8-oracle/jre/bin/java
00600000-00601000 rw-p 00000000 fc:00 26215982                           /usr/lib/jvm/java-8-oracle/jre/bin/java
0163f000-01660000 rw-p 00000000 00:00 0                                  [heap]
84800000-9c500000 rw-p 00000000 00:00 0 
a8380000-d6d80000 ---p 00000000 00:00 0 
d6d80000-ffb80000 rw-p 00000000 00:00 0 
ffb80000-100000000 ---p 00000000 00:00 0 
100000000-1005e0000 rw-p 00000000 00:00 0 
1005e0000-140000000 ---p 00000000 00:00 0 
7f3360000000-7f3360021000 rw-p 00000000 00:00 0 
7f3360021000-7f3364000000 ---p 00000000 00:00 0 
7f3364000000-7f3364021000 rw-p 00000000 00:00 0 
7f3364021000-7f3368000000 ---p 00000000 00:00 0 
7f3368000000-7f3368021000 rw-p 00000000 00:00 0 
7f3368021000-7f336c000000 ---p 00000000 00:00 0 
7f336c000000-7f336c021000 rw-p 00000000 00:00 0 
7f336c021000-7f3370000000 ---p 00000000 00:00 0 
7f3370000000-7f3370021000 rw-p 00000000 00:00 0 
7f3370021000-7f3374000000 ---p 00000000 00:00 0 
7f3374000000-7f3374021000 rw-p 00000000 00:00 0 
7f3374021000-7f3378000000 ---p 00000000 00:00 0 
7f3378000000-7f3378021000 rw-p 00000000 00:00 0 
7f3378021000-7f337c000000 ---p 00000000 00:00 0 
7f337c000000-7f337c021000 rw-p 00000000 00:00 0 
7f337c021000-7f3380000000 ---p 00000000 00:00 0 
7f3380000000-7f3380021000 rw-p 00000000 00:00 0 
7f3380021000-7f3384000000 ---p 00000000 00:00 0 
7f3384000000-7f3384021000 rw-p 00000000 00:00 0 
7f3384021000-7f3388000000 ---p 00000000 00:00 0 
7f3388000000-7f3388021000 rw-p 00000000 00:00 0 
7f3388021000-7f338c000000 ---p 00000000 00:00 0 
7f338c000000-7f338c021000 rw-p 00000000 00:00 0 
7f338c021000-7f3390000000 ---p 00000000 00:00 0 
7f3390000000-7f3390021000 rw-p 00000000 00:00 0 
7f3390021000-7f3394000000 ---p 00000000 00:00 0 
7f3394000000-7f3394021000 rw-p 00000000 00:00 0 
7f3394021000-7f3398000000 ---p 00000000 00:00 0 
7f3398000000-7f3398021000 rw-p 00000000 00:00 0 
7f3398021000-7f339c000000 ---p 00000000 00:00 0 
7f339c000000-7f339c021000 rw-p 00000000 00:00 0 
7f339c021000-7f33a0000000 ---p 00000000 00:00 0 
7f33a0000000-7f33a24ea000 rw-p 00000000 00:00 0 
7f33a24ea000-7f33a4000000 ---p 00000000 00:00 0 
7f33a4000000-7f33a4b6b000 rw-p 00000000 00:00 0 
7f33a4b6b000-7f33a8000000 ---p 00000000 00:00 0 
7f33a8000000-7f33a8021000 rw-p 00000000 00:00 0 
7f33a8021000-7f33ac000000 ---p 00000000 00:00 0 
7f33ac000000-7f33ae0c3000 rw-p 00000000 00:00 0 
7f33ae0c3000-7f33b0000000 ---p 00000000 00:00 0 
7f33b0000000-7f33b0021000 rw-p 00000000 00:00 0 
7f33b0021000-7f33b4000000 ---p 00000000 00:00 0 
7f33b4000000-7f33b411e000 rw-p 00000000 00:00 0 
7f33b411e000-7f33b8000000 ---p 00000000 00:00 0 
7f33b8000000-7f33b8021000 rw-p 00000000 00:00 0 
7f33b8021000-7f33bc000000 ---p 00000000 00:00 0 
7f33bc000000-7f33bc347000 rw-p 00000000 00:00 0 
7f33bc347000-7f33c0000000 ---p 00000000 00:00 0 
7f33c0000000-7f33c0021000 rw-p 00000000 00:00 0 
7f33c0021000-7f33c4000000 ---p 00000000 00:00 0 
7f33c4557000-7f33c45d8000 rw-p 00000000 00:00 0 
7f33c45d8000-7f33c4758000 ---p 00000000 00:00 0 
7f33c4758000-7f33c4958000 rw-p 00000000 00:00 0 
7f33c4958000-7f33c4b58000 rw-p 00000000 00:00 0 
7f33c4b58000-7f33c4d58000 rw-p 00000000 00:00 0 
7f33c4d58000-7f33c4d5b000 ---p 00000000 00:00 0 
7f33c4d5b000-7f33c4e59000 rw-p 00000000 00:00 0 
7f33c4e59000-7f33c4e5c000 ---p 00000000 00:00 0 
7f33c4e5c000-7f33c4f5a000 rw-p 00000000 00:00 0 
7f33c4f5a000-7f33c4f5d000 ---p 00000000 00:00 0 
7f33c4f5d000-7f33c525b000 rw-p 00000000 00:00 0 
7f33c525b000-7f33c525e000 ---p 00000000 00:00 0 
7f33c525e000-7f33c535c000 rw-p 00000000 00:00 0 
7f33c535c000-7f33c535f000 ---p 00000000 00:00 0 
7f33c535f000-7f33c565d000 rw-p 00000000 00:00 0                          [stack:5983]
7f33c565d000-7f33c5660000 ---p 00000000 00:00 0 
7f33c5660000-7f33c575e000 rw-p 00000000 00:00 0                          [stack:5973]
7f33c575e000-7f33c5761000 ---p 00000000 00:00 0 
7f33c5761000-7f33c585f000 rw-p 00000000 00:00 0                          [stack:5972]
7f33c585f000-7f33c5862000 ---p 00000000 00:00 0 
7f33c5862000-7f33c5b60000 rw-p 00000000 00:00 0                          [stack:5971]
7f33c5b60000-7f33c5b63000 ---p 00000000 00:00 0 
7f33c5b63000-7f33c5c61000 rw-p 00000000 00:00 0                          [stack:5970]
7f33c5c61000-7f33c5c64000 ---p 00000000 00:00 0 
7f33c5c64000-7f33c5d62000 rw-p 00000000 00:00 0                          [stack:5969]
7f33c5d62000-7f33c5d65000 ---p 00000000 00:00 0 
7f33c5d65000-7f33c5e63000 rw-p 00000000 00:00 0                          [stack:5968]
7f33c5e63000-7f33c5e74000 r-xp 00000000 fc:00 26346011                   /usr/lib/jvm/java-8-oracle/jre/lib/amd64/libnio.so
7f33c5e74000-7f33c6073000 ---p 00011000 fc:00 26346011                   /usr/lib/jvm/java-8-oracle/jre/lib/amd64/libnio.so
7f33c6073000-7f33c6074000 rw-p 00010000 fc:00 26346011                   /usr/lib/jvm/java-8-oracle/jre/lib/amd64/libnio.so
7f33c6074000-7f33c6077000 ---p 00000000 00:00 0 
7f33c6077000-7f33c6375000 rw-p 00000000 00:00 0                          [stack:5967]
7f33c6375000-7f33c637d000 r-xp 00000000 fc:00 26346024                   /usr/lib/jvm/java-8-oracle/jre/lib/amd64/libmanagement.so
7f33c637d000-7f33c657d000 ---p 00008000 fc:00 26346024                   /usr/lib/jvm/java-8-oracle/jre/lib/amd64/libmanagement.so
7f33c657d000-7f33c657e000 rw-p 00008000 fc:00 26346024                   /usr/lib/jvm/java-8-oracle/jre/lib/amd64/libmanagement.so
7f33c657e000-7f33c677e000 rw-p 00000000 00:00 0 
7f33c677e000-7f33c697e000 rw-p 00000000 00:00 0 
7f33c697e000-7f33c6b7e000 rw-p 00000000 00:00 0 
7f33c6b7e000-7f33c6d7e000 rw-p 00000000 00:00 0 
7f33c6d7e000-7f33c6f7e000 rw-p 00000000 00:00 0 
7f33c6f7e000-7f33c717e000 rw-p 00000000 00:00 0 
7f33c717e000-7f33c7191000 r--s 00344000 fc:00 26225635                   /usr/lib/jvm/java-8-oracle/jre/lib/resources.jar
7f33c7191000-7f33c7196000 r--s 002f8000 fc:00 26225653                   /usr/lib/jvm/java-8-oracle/jre/lib/charsets.jar
7f33c7196000-7f33c7396000 rw-p 00000000 00:00 0 
7f33c7396000-7f33c7399000 ---p 00000000 00:00 0 
7f33c7399000-7f33c7497000 rw-p 00000000 00:00 0                          [stack:5963]
7f33c7497000-7f33c74a0000 r--s 000e2000 00:2a 38012985                   /home/isaac/.sonar/cache/4aab6e384bf857f02073daf51b96b967/mysql-connector-java-5.1.34.jar
7f33c74a0000-7f33c74a2000 r--s 0000d000 00:2a 45881641                   /home/isaac/.sonar/cache/9c90929f5f058f6372f0f2346ab0d3ed/sonar-checkstyle-plugin-2.3.jar_unzip/META-INF/lib/commons-logging-1.1.1.jar
7f33c74a2000-7f33c74a6000 r--s 0002f000 00:2a 45881643                   /home/isaac/.sonar/cache/9c90929f5f058f6372f0f2346ab0d3ed/sonar-checkstyle-plugin-2.3.jar_unzip/META-INF/lib/commons-beanutils-core-1.8.3.jar
7f33c74a6000-7f33c74a7000 r--s 00002000 00:2a 45881644                   /home/isaac/.sonar/cache/9c90929f5f058f6372f0f2346ab0d3ed/sonar-checkstyle-plugin-2.3.jar_unzip/META-INF/lib/antlr4-annotations-4.3.jar
7f33c74a7000-7f33c74ae000 r--s 0004e000 00:2a 45881639                   /home/isaac/.sonar/cache/9c90929f5f058f6372f0f2346ab0d3ed/sonar-checkstyle-plugin-2.3.jar_unzip/META-INF/lib/antlr4-runtime-4.3.jar
7f33c74ae000-7f33c74c1000 r--s 000e8000 00:2a 45881645                   /home/isaac/.sonar/cache/9c90929f5f058f6372f0f2346ab0d3ed/sonar-checkstyle-plugin-2.3.jar_unzip/META-INF/lib/checkstyle-6.4.1.jar
7f33c74c1000-7f33c74c6000 r--s 00068000 00:2a 45881642                   /home/isaac/.sonar/cache/9c90929f5f058f6372f0f2346ab0d3ed/sonar-checkstyle-plugin-2.3.jar_unzip/META-INF/lib/antlr-2.7.7.jar
7f33c74c6000-7f33c74cd000 r--s 0005e000 00:2a 45881640                   /home/isaac/.sonar/cache/9c90929f5f058f6372f0f2346ab0d3ed/sonar-checkstyle-plugin-2.3.jar_unzip/META-INF/lib/commons-lang3-3.3.2.jar
7f33c74cd000-7f33c74cf000 r--s 0000d000 00:2a 44701009                   /home/isaac/.sonar/cache/e1d9d8e1d3524f9f0f69017e6dbead02/sonar-scm-git-plugin-1.0.jar_unzip/META-INF/lib/commons-logging-1.1.1.jar
7f33c74cf000-7f33c74d4000 r--s 00028000 00:2a 44701121                   /home/isaac/.sonar/cache/e1d9d8e1d3524f9f0f69017e6dbead02/sonar-scm-git-plugin-1.0.jar_unzip/META-INF/lib/httpcore-4.1.4.jar
7f33c74d4000-7f33c74d7000 r--s 0001c000 00:2a 44701119                   /home/isaac/.sonar/cache/e1d9d8e1d3524f9f0f69017e6dbead02/sonar-scm-git-plugin-1.0.jar_unzip/META-INF/lib/JavaEWAH-0.7.9.jar
7f33c74d7000-7f33c74e0000 r--s 0004e000 00:2a 44701118                   /home/isaac/.sonar/cache/e1d9d8e1d3524f9f0f69017e6dbead02/sonar-scm-git-plugin-1.0.jar_unzip/META-INF/lib/httpclient-4.1.3.jar
7f33c74e0000-7f33c74e4000 r--s 0003b000 00:2a 44701117                   /home/isaac/.sonar/cache/e1d9d8e1d3524f9f0f69017e6dbead02/sonar-scm-git-plugin-1.0.jar_unzip/META-INF/lib/jsch-0.1.50.jar
7f33c74e4000-7f33c7503000 r--s 001c0000 00:2a 44701120                   /home/isaac/.sonar/cache/e1d9d8e1d3524f9f0f69017e6dbead02/sonar-scm-git-plugin-1.0.jar_unzip/META-INF/lib/org.eclipse.jgit-3.6.2.201501210735-r.jar
7f33c7503000-7f33c7528000 r--s 002e3000 00:2a 45227755                   /home/isaac/.sonar/cache/2a17fdfcc30cca905bcf06c7c84bf004/sonar-xml-plugin-1.2.jar_unzip/META-INF/lib/xalan-2.7.1.jar
7f33c7528000-7f33c752b000 r--s 00041000 00:2a 45227757                   /home/isaac/.sonar/cache/2a17fdfcc30cca905bcf06c7c84bf004/sonar-xml-plugin-1.2.jar_unzip/META-INF/lib/serializer-2.7.1.jar
7f33c752b000-7f33c752c000 r--s 00001000 00:2a 45227759                   /home/isaac/.sonar/cache/2a17fdfcc30cca905bcf06c7c84bf004/sonar-xml-plugin-1.2.jar_unzip/META-INF/lib/sslr-xpath-1.20.jar
7f33c752c000-7f33c7543000 r--s 00112000 00:2a 45227753                   /home/isaac/.sonar/cache/2a17fdfcc30cca905bcf06c7c84bf004/sonar-xml-plugin-1.2.jar_unzip/META-INF/lib/xercesImpl-2.8.1.jar
7f33c7543000-7f33c7544000 r--s 00003000 00:2a 45227758                   /home/isaac/.sonar/cache/2a17fdfcc30cca905bcf06c7c84bf004/sonar-xml-plugin-1.2.jar_unzip/META-INF/lib/xml-squid-1.2.jar
7f33c7544000-7f33c7548000 r--s 0001a000 00:2a 45227756                   /home/isaac/.sonar/cache/2a17fdfcc30cca905bcf06c7c84bf004/sonar-xml-plugin-1.2.jar_unzip/META-INF/lib/sslr-squid-bridge-2.4.jar
7f33c7548000-7f33c754e000 r--s 00029000 00:2a 45227733                   /home/isaac/.sonar/cache/2a17fdfcc30cca905bcf06c7c84bf004/sonar-xml-plugin-1.2.jar_unzip/META-INF/lib/sslr-core-1.20.jar
7f33c754e000-7f33c7554000 r--s 00032000 00:2a 45227754                   /home/isaac/.sonar/cache/2a17fdfcc30cca905bcf06c7c84bf004/sonar-xml-plugin-1.2.jar_unzip/META-INF/lib/jaxen-1.1.4.jar
7f33c7554000-7f33c7555000 r--s 00005000 00:2a 44177760                   /home/isaac/.sonar/cache/37a72719a16626e9bed4fc9f57601747/sonar-web-plugin-2.3.jar_unzip/META-INF/lib/el-api-1.0.jar
7f33c7555000-7f33c7558000 r--s 0001e000 00:2a 44177761                   /home/isaac/.sonar/cache/37a72719a16626e9bed4fc9f57601747/sonar-web-plugin-2.3.jar_unzip/META-INF/lib/jboss-el-1.0_02.CR4.jar
7f33c7558000-7f33c755e000 r--s 0004b000 00:2a 38145446                   /home/isaac/.sonar/cache/1700b26823a6c67c0794aac9a31d3a8c/sonar-java-plugin-3.3.jar_unzip/META-INF/lib/cglib-nodep-3.1.jar
7f33c755e000-7f33c7568000 r--s 00071000 00:2a 38145441                   /home/isaac/.sonar/cache/1700b26823a6c67c0794aac9a31d3a8c/sonar-java-plugin-3.3.jar_unzip/META-INF/lib/java-squid-3.3.jar
7f33c7568000-7f33c7569000 r--s 00001000 00:2a 38145444                   /home/isaac/.sonar/cache/1700b26823a6c67c0794aac9a31d3a8c/sonar-java-plugin-3.3.jar_unzip/META-INF/lib/sslr-xpath-1.20.jar
7f33c7569000-7f33c756e000 r--s 00024000 00:2a 38145448                   /home/isaac/.sonar/cache/1700b26823a6c67c0794aac9a31d3a8c/sonar-java-plugin-3.3.jar_unzip/META-INF/lib/sslr-squid-bridge-2.6.jar
7f33c756e000-7f33c7581000 r--s 000d1000 00:2a 38145450                   /home/isaac/.sonar/cache/1700b26823a6c67c0794aac9a31d3a8c/sonar-java-plugin-3.3.jar_unzip/META-INF/lib/java-checks-3.3.jar
7f33c7581000-7f33c7587000 r--s 00029000 00:2a 38145440                   /home/isaac/.sonar/cache/1700b26823a6c67c0794aac9a31d3a8c/sonar-java-plugin-3.3.jar_unzip/META-INF/lib/sslr-core-1.20.jar
7f33c7587000-7f33c758b000 r--s 0001d000 00:2a 38145447                   /home/isaac/.sonar/cache/1700b26823a6c67c0794aac9a31d3a8c/sonar-java-plugin-3.3.jar_unzip/META-INF/lib/org.jacoco.core-0.7.1.201405082137.jar
7f33c758b000-7f33c7591000 r--s 00032000 00:2a 38145445                   /home/isaac/.sonar/cache/1700b26823a6c67c0794aac9a31d3a8c/sonar-java-plugin-3.3.jar_unzip/META-INF/lib/jaxen-1.1.4.jar
7f33c7591000-7f33c7592000 r--s 00004000 00:2a 38145442                   /home/isaac/.sonar/cache/1700b26823a6c67c0794aac9a31d3a8c/sonar-java-plugin-3.3.jar_unzip/META-INF/lib/java-surefire-3.3.jar
7f33c7592000-7f33c7597000 r--s 00058000 00:2a 38145443                   /home/isaac/.sonar/cache/1700b26823a6c67c0794aac9a31d3a8c/sonar-java-plugin-3.3.jar_unzip/META-INF/lib/asm-debug-all-5.0.3.jar
7f33c7597000-7f33c7599000 r--s 00005000 00:2a 38145449                   /home/isaac/.sonar/cache/1700b26823a6c67c0794aac9a31d3a8c/sonar-java-plugin-3.3.jar_unzip/META-INF/lib/java-jacoco-3.3.jar
7f33c7599000-7f33c75a1000 r--s 0003a000 00:2a 45099435                   /home/isaac/.sonar/cache/7d09b9582e96bc9da974fdcfeaf8656d/sonar-javascript-plugin-2.5.jar_unzip/META-INF/lib/javascript-checks-2.5.jar
7f33c75a1000-7f33c75a2000 r--s 00001000 00:2a 45099444                   /home/isaac/.sonar/cache/7d09b9582e96bc9da974fdcfeaf8656d/sonar-javascript-plugin-2.5.jar_unzip/META-INF/lib/sslr-xpath-1.20.jar
7f33c75a2000-7f33c75a7000 r--s 00024000 00:2a 45099446                   /home/isaac/.sonar/cache/7d09b9582e96bc9da974fdcfeaf8656d/sonar-javascript-plugin-2.5.jar_unzip/META-INF/lib/sslr-squid-bridge-2.6.jar
7f33c75a7000-7f33c75ad000 r--s 00029000 00:2a 45099421                   /home/isaac/.sonar/cache/7d09b9582e96bc9da974fdcfeaf8656d/sonar-javascript-plugin-2.5.jar_unzip/META-INF/lib/sslr-core-1.20.jar
7f33c75ad000-7f33c75b4000 r--s 00049000 00:2a 45099431                   /home/isaac/.sonar/cache/7d09b9582e96bc9da974fdcfeaf8656d/sonar-javascript-plugin-2.5.jar_unzip/META-INF/lib/cglib-nodep-2.1_3.jar
7f33c75b4000-7f33c75ba000 r--s 00032000 00:2a 45099445                   /home/isaac/.sonar/cache/7d09b9582e96bc9da974fdcfeaf8656d/sonar-javascript-plugin-2.5.jar_unzip/META-INF/lib/jaxen-1.1.4.jar
7f33c75ba000-7f33c75c3000 r--s 00043000 00:2a 45099440                   /home/isaac/.sonar/cache/7d09b9582e96bc9da974fdcfeaf8656d/sonar-javascript-plugin-2.5.jar_unzip/META-INF/lib/javascript-squid-2.5.jar
7f33c75c3000-7f33c75c7000 r--s 00025000 00:2a 42865977                   /home/isaac/.sonar/cache/31987a41239d8d0becc4c121664ffafa/sonar-scm-svn-plugin-1.1.jar_unzip/META-INF/lib/antlr-runtime-3.4.jar
7f33c75c7000-7f33c75cc000 r--s 00039000 00:2a 42865973                   /home/isaac/.sonar/cache/31987a41239d8d0becc4c121664ffafa/sonar-scm-svn-plugin-1.1.jar_unzip/META-INF/lib/trilead-ssh2-1.0.0-build217.jar
7f33c75cc000-7f33c75cd000 r--s 00001000 00:2a 42865974                   /home/isaac/.sonar/cache/31987a41239d8d0becc4c121664ffafa/sonar-scm-svn-plugin-1.1.jar_unzip/META-INF/lib/jsch.agentproxy.usocket-jna-0.0.7.jar
7f33c75cd000-7f33c75cf000 r--s 00001000 00:2a 42865985                   /home/isaac/.sonar/cache/31987a41239d8d0becc4c121664ffafa/sonar-scm-svn-plugin-1.1.jar_unzip/META-INF/lib/jsch.agentproxy.core-0.0.7.jar
7f33c75cf000-7f33c75d0000 r--s 00000000 00:2a 42865981                   /home/isaac/.sonar/cache/31987a41239d8d0becc4c121664ffafa/sonar-scm-svn-plugin-1.1.jar_unzip/META-INF/lib/jsch.agentproxy.svnkit-trilead-ssh2-0.0.7.jar
7f33c75d0000-7f33c75db000 r--s 000d5000 00:2a 42865971                   /home/isaac/.sonar/cache/31987a41239d8d0becc4c121664ffafa/sonar-scm-svn-plugin-1.1.jar_unzip/META-INF/lib/platform-3.4.0.jar
7f33c75db000-7f33c75df000 r--s 000dc000 00:2a 42865975                   /home/isaac/.sonar/cache/31987a41239d8d0becc4c121664ffafa/sonar-scm-svn-plugin-1.1.jar_unzip/META-INF/lib/jna-4.1.0.jar
7f33c75df000-7f33c75e0000 r--s 00001000 00:2a 42865984                   /home/isaac/.sonar/cache/31987a41239d8d0becc4c121664ffafa/sonar-scm-svn-plugin-1.1.jar_unzip/META-INF/lib/jsch.agentproxy.usocket-nc-0.0.7.jar
7f33c75e0000-7f33c75f1000 r--s 00155000 00:2a 42865986                   /home/isaac/.sonar/cache/31987a41239d8d0becc4c121664ffafa/sonar-scm-svn-plugin-1.1.jar_unzip/META-INF/lib/jna-platform-4.1.0.jar
7f33c75f1000-7f33c75f2000 r--s 00002000 00:2a 42865982                   /home/isaac/.sonar/cache/31987a41239d8d0becc4c121664ffafa/sonar-scm-svn-plugin-1.1.jar_unzip/META-INF/lib/jsch.agentproxy.connector-factory-0.0.7.jar
7f33c75f2000-7f33c75f5000 r--s 0000f000 00:2a 42865969                   /home/isaac/.sonar/cache/31987a41239d8d0becc4c121664ffafa/sonar-scm-svn-plugin-1.1.jar_unzip/META-INF/lib/sequence-library-1.0.3.jar
7f33c75f5000-7f33c75f7000 r--s 00000000 00:2a 42865970                   /home/isaac/.sonar/cache/31987a41239d8d0becc4c121664ffafa/sonar-scm-svn-plugin-1.1.jar_unzip/META-INF/lib/jsch.agentproxy.sshagent-0.0.7.jar
7f33c75f7000-7f33c7607000 r--s 000ab000 00:2a 42865983                   /home/isaac/.sonar/cache/31987a41239d8d0becc4c121664ffafa/sonar-scm-svn-plugin-1.1.jar_unzip/META-INF/lib/sqljet-1.1.10.jar
7f33c7607000-7f33c7608000 r--s 00001000 00:2a 42865976                   /home/isaac/.sonar/cache/31987a41239d8d0becc4c121664ffafa/sonar-scm-svn-plugin-1.1.jar_unzip/META-INF/lib/jsch.agentproxy.pageant-0.0.7.jar
7f33c7608000-7f33c763c000 r--s 003ba000 00:2a 42865968                   /home/isaac/.sonar/cache/31987a41239d8d0becc4c121664ffafa/sonar-scm-svn-plugin-1.1.jar_unzip/META-INF/lib/svnkit-1.8.7.jar
7f33c763c000-7f33c764d000 r--s 000af000 00:2a 42996120                   /home/isaac/.sonar/cache/8f4d17593cd07deabf2af4f476a00588/sonar-sonargraph-plugin-3.4.2.jar_unzip/META-INF/lib/jaxb-impl-2.0.3.jar
7f33c764d000-7f33c7650000 r--s 0000f000 00:2a 42996119                   /home/isaac/.sonar/cache/8f4d17593cd07deabf2af4f476a00588/sonar-sonargraph-plugin-3.4.2.jar_unzip/META-INF/lib/jaxb-api-2.0.jar
7f33c7650000-7f33c7652000 r--s 0000e000 00:2a 42996118                   /home/isaac/.sonar/cache/8f4d17593cd07deabf2af4f476a00588/sonar-sonargraph-plugin-3.4.2.jar_unzip/META-INF/lib/activation-1.1.jar
7f33c7652000-7f33c7654000 r--s 0000b000 00:2a 42996121                   /home/isaac/.sonar/cache/8f4d17593cd07deabf2af4f476a00588/sonar-sonargraph-plugin-3.4.2.jar_unzip/META-INF/lib/jsr173_api-1.0.jar
7f33c7654000-7f33c766f000 r--s 004b6000 00:2a 40509825                   /home/isaac/.sonar/cache/ff3781c9788d4e83f60e83bbd3d12e10/sonar-pmd-plugin-2.4.1.jar_unzip/META-INF/lib/saxon-9.1.0.8.jar
7f33c766f000-7f33c767c000 r--s 00098000 00:2a 40509823                   /home/isaac/.sonar/cache/ff3781c9788d4e83f60e83bbd3d12e10/sonar-pmd-plugin-2.4.1.jar_unzip/META-INF/lib/pmd-core-5.3.1.jar
7f33c767c000-7f33c767d000 r--s 00001000 00:2a 40509828                   /home/isaac/.sonar/cache/ff3781c9788d4e83f60e83bbd3d12e10/sonar-pmd-plugin-2.4.1.jar_unzip/META-INF/lib/sslr-xpath-1.20.jar
7f33c767d000-7f33c7682000 r--s 00024000 00:2a 40509827                   /home/isaac/.sonar/cache/ff3781c9788d4e83f60e83bbd3d12e10/sonar-pmd-plugin-2.4.1.jar_unzip/META-INF/lib/sslr-squid-bridge-2.6.jar
7f33c7682000-7f33c768f000 r--s 000a2000 00:2a 40509824                   /home/isaac/.sonar/cache/ff3781c9788d4e83f60e83bbd3d12e10/sonar-pmd-plugin-2.4.1.jar_unzip/META-INF/lib/pmd-java-5.3.1.jar
7f33c768f000-7f33c7695000 r--s 00029000 00:2a 40509826                   /home/isaac/.sonar/cache/ff3781c9788d4e83f60e83bbd3d12e10/sonar-pmd-plugin-2.4.1.jar_unzip/META-INF/lib/sslr-core-1.20.jar
7f33c7695000-7f33c769b000 r--s 00032000 00:2a 40509821                   /home/isaac/.sonar/cache/ff3781c9788d4e83f60e83bbd3d12e10/sonar-pmd-plugin-2.4.1.jar_unzip/META-INF/lib/jaxen-1.1.4.jar
7f33c769b000-7f33c76a2000 r--s 0005e000 00:2a 40509820                   /home/isaac/.sonar/cache/ff3781c9788d4e83f60e83bbd3d12e10/sonar-pmd-plugin-2.4.1.jar_unzip/META-INF/lib/commons-lang3-3.3.2.jar
7f33c76a2000-7f33c78a2000 rw-p 00000000 00:00 0 
7f33c78a2000-7f33c78b8000 r-xp 00000000 fc:00 12320958                   /lib/x86_64-linux-gnu/libgcc_s.so.1
7f33c78b8000-7f33c7ab7000 ---p 00016000 fc:00 12320958                   /lib/x86_64-linux-gnu/libgcc_s.so.1
7f33c7ab7000-7f33c7ab8000 rw-p 00015000 fc:00 12320958                   /lib/x86_64-linux-gnu/libgcc_s.so.1
7f33c7ab8000-7f33c7aea000 r-xp 00000000 fc:00 26346049                   /usr/lib/jvm/java-8-oracle/jre/lib/amd64/libsunec.so
7f33c7aea000-7f33c7ce9000 ---p 00032000 fc:00 26346049                   /usr/lib/jvm/java-8-oracle/jre/lib/amd64/libsunec.so
7f33c7ce9000-7f33c7cef000 rw-p 00031000 fc:00 26346049                   /usr/lib/jvm/java-8-oracle/jre/lib/amd64/libsunec.so
7f33c7cef000-7f33c8000000 rw-p 00000000 00:00 0 
7f33c8000000-7f33c8021000 rw-p 00000000 00:00 0 
7f33c8021000-7f33cc000000 ---p 00000000 00:00 0 
7f33cc000000-7f33cc003000 r--s 00023000 00:2a 40509822                   /home/isaac/.sonar/cache/ff3781c9788d4e83f60e83bbd3d12e10/sonar-pmd-plugin-2.4.1.jar_unzip/META-INF/lib/jdom-1.0.jar
7f33cc003000-7f33cc00b000 r--s 00244000 00:2a 38012984                   /home/isaac/.sonar/cache/9c90929f5f058f6372f0f2346ab0d3ed/sonar-checkstyle-plugin-2.3.jar
7f33cc00b000-7f33cc00d000 r--s 00000000 00:2a 38012983                   /home/isaac/.sonar/cache/c6cca87fd0c7694cac51c06caf2f4e66/sonar-l10n-en-plugin-5.1.jar
7f33cc00d000-7f33cc00f000 r--s 00012000 00:2a 46799434                   /home/isaac/.sonar/cache/79b6807b2bc2fe5d0607c37557ceb2be/sonar-scm-stats-plugin-0.3.1.jar_unzip/META-INF/lib/maven-scm-provider-perforce-1.8.1.jar
7f33cc00f000-7f33cc01e000 r--s 0007c000 00:2a 46799435                   /home/isaac/.sonar/cache/79b6807b2bc2fe5d0607c37557ceb2be/sonar-scm-stats-plugin-0.3.1.jar_unzip/META-INF/lib/joda-time-2.0.jar
7f33cc01e000-7f33cc020000 r--s 00005000 00:2a 46799436                   /home/isaac/.sonar/cache/79b6807b2bc2fe5d0607c37557ceb2be/sonar-scm-stats-plugin-0.3.1.jar_unzip/META-INF/lib/objenesis-1.0.jar
7f33cc020000-7f33cc024000 r--s 00016000 00:2a 46799430                   /home/isaac/.sonar/cache/79b6807b2bc2fe5d0607c37557ceb2be/sonar-scm-stats-plugin-0.3.1.jar_unzip/META-INF/lib/maven-scm-api-1.8.1.jar
7f33cc024000-7f33cc040000 r--s 0013e000 00:2a 46799429                   /home/isaac/.sonar/cache/79b6807b2bc2fe5d0607c37557ceb2be/sonar-scm-stats-plugin-0.3.1.jar_unzip/META-INF/lib/mockito-core-1.9.0.jar
7f33cc040000-7f33d0000000 rw-p 00000000 00:00 0 
7f33d0000000-7f33d0021000 rw-p 00000000 00:00 0 
7f33d0021000-7f33d4000000 ---p 00000000 00:00 0 
7f33d4000000-7f33d4001000 r--s 0000c000 00:2a 40509819                   /home/isaac/.sonar/cache/ff3781c9788d4e83f60e83bbd3d12e10/sonar-pmd-plugin-2.4.1.jar_unzip/META-INF/lib/asm-5.0.3.jar
7f33d4001000-7f33d4003000 r--s 00005000 00:2a 46799438                   /home/isaac/.sonar/cache/79b6807b2bc2fe5d0607c37557ceb2be/sonar-scm-stats-plugin-0.3.1.jar_unzip/META-INF/lib/regexp-1.3.jar
7f33d4003000-7f33d4005000 r--s 00011000 00:2a 46799428                   /home/isaac/.sonar/cache/79b6807b2bc2fe5d0607c37557ceb2be/sonar-scm-stats-plugin-0.3.1.jar_unzip/META-INF/lib/maven-scm-provider-svnexe-1.8.1.jar
7f33d4005000-7f33d4007000 r--s 00008000 00:2a 46799431                   /home/isaac/.sonar/cache/79b6807b2bc2fe5d0607c37557ceb2be/sonar-scm-stats-plugin-0.3.1.jar_unzip/META-INF/lib/maven-scm-provider-git-commons-1.8.1.jar
7f33d4007000-7f33d4009000 r--s 00006000 00:2a 46799433                   /home/isaac/.sonar/cache/79b6807b2bc2fe5d0607c37557ceb2be/sonar-scm-stats-plugin-0.3.1.jar_unzip/META-INF/lib/maven-scm-provider-cvsexe-1.8.1.jar
7f33d4009000-7f33d400d000 r--s 00033000 00:2a 46799439                   /home/isaac/.sonar/cache/79b6807b2bc2fe5d0607c37557ceb2be/sonar-scm-stats-plugin-0.3.1.jar_unzip/META-INF/lib/plexus-utils-2.0.5.jar
7f33d400d000-7f33d4010000 r--s 0000e000 00:2a 46799441                   /home/isaac/.sonar/cache/79b6807b2bc2fe5d0607c37557ceb2be/sonar-scm-stats-plugin-0.3.1.jar_unzip/META-INF/lib/maven-scm-provider-hg-1.8.1.jar
7f33d4010000-7f33d4012000 r--s 0000e000 00:2a 46799442                   /home/isaac/.sonar/cache/79b6807b2bc2fe5d0607c37557ceb2be/sonar-scm-stats-plugin-0.3.1.jar_unzip/META-INF/lib/maven-scm-provider-gitexe-1.8.1.jar
7f33d4012000-7f33d4014000 r--s 0000e000 00:2a 46799443                   /home/isaac/.sonar/cache/79b6807b2bc2fe5d0607c37557ceb2be/sonar-scm-stats-plugin-0.3.1.jar_unzip/META-INF/lib/maven-scm-provider-jazz-1.8.1.jar
7f33d4014000-7f33d4016000 r--s 00011000 00:2a 46799437                   /home/isaac/.sonar/cache/79b6807b2bc2fe5d0607c37557ceb2be/sonar-scm-stats-plugin-0.3.1.jar_unzip/META-INF/lib/hamcrest-core-1.1.jar
7f33d4016000-7f33d4019000 r--s 00011000 00:2a 46799432                   /home/isaac/.sonar/cache/79b6807b2bc2fe5d0607c37557ceb2be/sonar-scm-stats-plugin-0.3.1.jar_unzip/META-INF/lib/maven-scm-provider-cvs-commons-1.8.1.jar
7f33d4019000-7f33d401b000 r--s 00008000 00:2a 46799440                   /home/isaac/.sonar/cache/79b6807b2bc2fe5d0607c37557ceb2be/sonar-scm-stats-plugin-0.3.1.jar_unzip/META-INF/lib/maven-scm-provider-svn-commons-1.8.1.jar
7f33d401b000-7f33d401e000 r--s 00284000 00:2a 38012988                   /home/isaac/.sonar/cache/79b6807b2bc2fe5d0607c37557ceb2be/sonar-scm-stats-plugin-0.3.1.jar
7f33d401e000-7f33d4020000 r--s 0028d000 00:2a 38012980                   /home/isaac/.sonar/cache/e1d9d8e1d3524f9f0f69017e6dbead02/sonar-scm-git-plugin-1.0.jar
7f33d4020000-7f33d4027000 r--s 0004d000 00:2a 38012979                   /home/isaac/.sonar/cache/37a72719a16626e9bed4fc9f57601747/sonar-web-plugin-2.3.jar
7f33d4027000-7f33d4163000 r--s 0107f000 00:2a 38012172                   /home/isaac/.sonar/cache/3bf6a6eba33643805149fd9ad258744e/sonar-batch-maven-compat-5.1.jar
7f33d4163000-7f33d4166000 ---p 00000000 00:00 0 
7f33d4166000-7f33d4264000 rw-p 00000000 00:00 0                          [stack:5989]
7f33d4264000-7f33d427a000 r-xp 00000000 fc:00 26346037                   /usr/lib/jvm/java-8-oracle/jre/lib/amd64/libnet.so
7f33d427a000-7f33d447a000 ---p 00016000 fc:00 26346037                   /usr/lib/jvm/java-8-oracle/jre/lib/amd64/libnet.so
7f33d447a000-7f33d447b000 rw-p 00016000 fc:00 26346037                   /usr/lib/jvm/java-8-oracle/jre/lib/amd64/libnet.so
7f33d447b000-7f33d447c000 ---p 00000000 00:00 0 
7f33d447c000-7f33d457c000 rw-p 00000000 00:00 0                          [stack:5960]
7f33d457c000-7f33d457f000 ---p 00000000 00:00 0 
7f33d457f000-7f33d467d000 rw-p 00000000 00:00 0                          [stack:5959]
7f33d467d000-7f33d4680000 ---p 00000000 00:00 0 
7f33d4680000-7f33d477e000 rw-p 00000000 00:00 0                          [stack:5958]
7f33d477e000-7f33d4781000 ---p 00000000 00:00 0 
7f33d4781000-7f33d487f000 rw-p 00000000 00:00 0                          [stack:5957]
7f33d487f000-7f33d4882000 ---p 00000000 00:00 0 
7f33d4882000-7f33d4980000 rw-p 00000000 00:00 0                          [stack:5956]
7f33d4980000-7f33d4985000 r-xp 00000000 fc:00 26222428                   /usr/lib/x86_64-linux-gnu/libXdmcp.so.6.0.0
7f33d4985000-7f33d4b84000 ---p 00005000 fc:00 26222428                   /usr/lib/x86_64-linux-gnu/libXdmcp.so.6.0.0
7f33d4b84000-7f33d4b85000 r--p 00004000 fc:00 26222428                   /usr/lib/x86_64-linux-gnu/libXdmcp.so.6.0.0
7f33d4b85000-7f33d4b86000 rw-p 00005000 fc:00 26222428                   /usr/lib/x86_64-linux-gnu/libXdmcp.so.6.0.0
7f33d4b86000-7f33d4b88000 r-xp 00000000 fc:00 26222417                   /usr/lib/x86_64-linux-gnu/libXau.so.6.0.0
7f33d4b88000-7f33d4d88000 ---p 00002000 fc:00 26222417                   /usr/lib/x86_64-linux-gnu/libXau.so.6.0.0
7f33d4d88000-7f33d4d89000 r--p 00002000 fc:00 26222417                   /usr/lib/x86_64-linux-gnu/libXau.so.6.0.0
7f33d4d89000-7f33d4d8a000 rw-p 00003000 fc:00 26222417                   /usr/lib/x86_64-linux-gnu/libXau.so.6.0.0
7f33d4d8a000-7f33d4da7000 r-xp 00000000 fc:00 26223537                   /usr/lib/x86_64-linux-gnu/libxcb.so.1.1.0
7f33d4da7000-7f33d4fa7000 ---p 0001d000 fc:00 26223537                   /usr/lib/x86_64-linux-gnu/libxcb.so.1.1.0
7f33d4fa7000-7f33d4fa8000 r--p 0001d000 fc:00 26223537                   /usr/lib/x86_64-linux-gnu/libxcb.so.1.1.0
7f33d4fa8000-7f33d4fa9000 rw-p 0001e000 fc:00 26223537                   /usr/lib/x86_64-linux-gnu/libxcb.so.1.1.0
7f33d4fa9000-7f33d50dc000 r-xp 00000000 fc:00 26222413                   /usr/lib/x86_64-linux-gnu/libX11.so.6.3.0
7f33d50dc000-7f33d52dc000 ---p 00133000 fc:00 26222413                   /usr/lib/x86_64-linux-gnu/libX11.so.6.3.0
7f33d52dc000-7f33d52dd000 r--p 00133000 fc:00 26222413                   /usr/lib/x86_64-linux-gnu/libX11.so.6.3.0
7f33d52dd000-7f33d52e1000 rw-p 00134000 fc:00 26222413                   /usr/lib/x86_64-linux-gnu/libX11.so.6.3.0
7f33d52e1000-7f33d52e2000 rw-p 00000000 00:00 0 
7f33d52e2000-7f33d52e4000 r-xp 00000000 fc:00 26229681                   /usr/lib/jayatana/libjayatanaag.so
7f33d52e4000-7f33d54e3000 ---p 00002000 fc:00 26229681                   /usr/lib/jayatana/libjayatanaag.so
7f33d54e3000-7f33d54e4000 r--p 00001000 fc:00 26229681                   /usr/lib/jayatana/libjayatanaag.so
7f33d54e4000-7f33d54e5000 rw-p 00002000 fc:00 26229681                   /usr/lib/jayatana/libjayatanaag.so
7f33d54e5000-7f33d54e8000 ---p 00000000 00:00 0 
7f33d54e8000-7f33d55e6000 rw-p 00000000 00:00 0                          [stack:5955]
7f33d55e6000-7f33d58af000 r--p 00000000 fc:00 26214514                   /usr/lib/locale/locale-archive
7f33d58af000-7f33d58b2000 ---p 00000000 00:00 0 
7f33d58b2000-7f33d59b0000 rw-p 00000000 00:00 0                          [stack:5954]
7f33d59b0000-7f33d59b3000 ---p 00000000 00:00 0 
7f33d59b3000-7f33d5ab1000 rw-p 00000000 00:00 0                          [stack:5953]
7f33d5ab1000-7f33d5ab2000 ---p 00000000 00:00 0 
7f33d5ab2000-7f33d6ac1000 rw-p 00000000 00:00 0                          [stack:5952]
7f33d6ac1000-7f33d6c9a000 r--s 03d09000 fc:00 26225641                   /usr/lib/jvm/java-8-oracle/jre/lib/rt.jar
7f33d6c9a000-7f33d7876000 rw-p 00000000 00:00 0 
7f33d7876000-7f33d7877000 ---p 00000000 00:00 0 
7f33d7877000-7f33d7977000 rw-p 00000000 00:00 0                          [stack:5951]
7f33d7977000-7f33d7978000 ---p 00000000 00:00 0 
7f33d7978000-7f33d7a78000 rw-p 00000000 00:00 0                          [stack:5950]
7f33d7a78000-7f33d7a79000 ---p 00000000 00:00 0 
7f33d7a79000-7f33d7c38000 rw-p 00000000 00:00 0                          [stack:5949]
7f33d7c38000-7f33d7e0c000 ---p 00000000 00:00 0 
7f33d7e0c000-7f33d7ecb000 rw-p 00000000 00:00 0 
7f33d7ecb000-7f33d809e000 ---p 00000000 00:00 0 
7f33d809e000-7f33d81e6000 rw-p 00000000 00:00 0 
7f33d81e6000-7f33d81e8000 ---p 00000000 00:00 0 
7f33d81e8000-7f33d824f000 rw-p 00000000 00:00 0 
7f33d824f000-7f33d85a9000 ---p 00000000 00:00 0 
7f33d85a9000-7f33d9f19000 rwxp 00000000 00:00 0 
7f33d9f19000-7f33e75a9000 ---p 00000000 00:00 0 
7f33e75a9000-7f33e75c3000 r-xp 00000000 fc:00 26346016                   /usr/lib/jvm/java-8-oracle/jre/lib/amd64/libzip.so
7f33e75c3000-7f33e77c3000 ---p 0001a000 fc:00 26346016                   /usr/lib/jvm/java-8-oracle/jre/lib/amd64/libzip.so
7f33e77c3000-7f33e77c4000 rw-p 0001a000 fc:00 26346016                   /usr/lib/jvm/java-8-oracle/jre/lib/amd64/libzip.so
7f33e77c4000-7f33e77d0000 r-xp 00000000 fc:00 12320946                   /lib/x86_64-linux-gnu/libnss_files-2.21.so
7f33e77d0000-7f33e79cf000 ---p 0000c000 fc:00 12320946                   /lib/x86_64-linux-gnu/libnss_files-2.21.so
7f33e79cf000-7f33e79d0000 r--p 0000b000 fc:00 12320946                   /lib/x86_64-linux-gnu/libnss_files-2.21.so
7f33e79d0000-7f33e79d1000 rw-p 0000c000 fc:00 12320946                   /lib/x86_64-linux-gnu/libnss_files-2.21.so
7f33e79d1000-7f33e79dc000 r-xp 00000000 fc:00 12320847                   /lib/x86_64-linux-gnu/libnss_nis-2.21.so
7f33e79dc000-7f33e7bdb000 ---p 0000b000 fc:00 12320847                   /lib/x86_64-linux-gnu/libnss_nis-2.21.so
7f33e7bdb000-7f33e7bdc000 r--p 0000a000 fc:00 12320847                   /lib/x86_64-linux-gnu/libnss_nis-2.21.so
7f33e7bdc000-7f33e7bdd000 rw-p 0000b000 fc:00 12320847                   /lib/x86_64-linux-gnu/libnss_nis-2.21.so
7f33e7bdd000-7f33e7bf4000 r-xp 00000000 fc:00 12320952                   /lib/x86_64-linux-gnu/libnsl-2.21.so
7f33e7bf4000-7f33e7df3000 ---p 00017000 fc:00 12320952                   /lib/x86_64-linux-gnu/libnsl-2.21.so
7f33e7df3000-7f33e7df4000 r--p 00016000 fc:00 12320952                   /lib/x86_64-linux-gnu/libnsl-2.21.so
7f33e7df4000-7f33e7df5000 rw-p 00017000 fc:00 12320952                   /lib/x86_64-linux-gnu/libnsl-2.21.so
7f33e7df5000-7f33e7df7000 rw-p 00000000 00:00 0 
7f33e7df7000-7f33e7dff000 r-xp 00000000 fc:00 12320948                   /lib/x86_64-linux-gnu/libnss_compat-2.21.so
7f33e7dff000-7f33e7ffe000 ---p 00008000 fc:00 12320948                   /lib/x86_64-linux-gnu/libnss_compat-2.21.so
7f33e7ffe000-7f33e7fff000 r--p 00007000 fc:00 12320948                   /lib/x86_64-linux-gnu/libnss_compat-2.21.so
7f33e7fff000-7f33e8000000 rw-p 00008000 fc:00 12320948                   /lib/x86_64-linux-gnu/libnss_compat-2.21.so
7f33e8000000-7f33e93b7000 rw-p 00000000 00:00 0 
7f33e93b7000-7f33ec000000 ---p 00000000 00:00 0 
7f33ec000000-7f33ec001000 r--s 00001000 00:2a 38012982                   /home/isaac/.sonar/cache/bbd6b21fb738281b5dd42e793d01bb5f/sonar-timeline-plugin-1.5.jar
7f33ec001000-7f33ec004000 r--s 004c4000 00:2a 38012981                   /home/isaac/.sonar/cache/2a17fdfcc30cca905bcf06c7c84bf004/sonar-xml-plugin-1.2.jar
7f33ec004000-7f33ec006000 r--s 00282000 00:2a 38012696                   /home/isaac/.sonar/cache/1700b26823a6c67c0794aac9a31d3a8c/sonar-java-plugin-3.3.jar
7f33ec006000-7f33ec00b000 r--s 0001f000 00:2a 38012978                   /home/isaac/.sonar/cache/258993c193dde3608fe555a2d1a9e6c8/sonar-core-plugin-5.1.jar
7f33ec00b000-7f33ec00c000 r--s 00001000 00:2a 38012977                   /home/isaac/.sonar/cache/5657553bda730cf99041f9acf09fb4d3/sonar-tab-metrics-plugin-1.4.1.jar
7f33ec00c000-7f33ec00e000 r--s 00148000 00:2a 38012987                   /home/isaac/.sonar/cache/7d09b9582e96bc9da974fdcfeaf8656d/sonar-javascript-plugin-2.5.jar
7f33ec00e000-7f33ec010000 r--s 0063c000 00:2a 38012986                   /home/isaac/.sonar/cache/31987a41239d8d0becc4c121664ffafa/sonar-scm-svn-plugin-1.1.jar
7f33ec010000-7f33ec012000 r--s 00002000 00:2a 38012975                   /home/isaac/.sonar/cache/71c5e56a23161cc7ec5f21754001d845/sonar-widget-lab-plugin-1.7.jar
7f33ec012000-7f33ec015000 r--s 000e2000 00:2a 38012974                   /home/isaac/.sonar/cache/8f4d17593cd07deabf2af4f476a00588/sonar-sonargraph-plugin-3.4.2.jar
7f33ec015000-7f33ec01e000 r--s 0040d000 00:2a 38012698                   /home/isaac/.sonar/cache/ff3781c9788d4e83f60e83bbd3d12e10/sonar-pmd-plugin-2.4.1.jar
7f33ec01e000-7f33ec020000 r--s 0000b000 00:2a 40372183                   /home/isaac/.sonar/cache/63ffee0fdd63f4f2caf8170f114ad3c4/sonar-email-notifications-plugin-5.1.jar_unzip/META-INF/lib/commons-email-1.3.2.jar
7f33ec020000-7f33ec028000 r--s 00075000 00:2a 40372007                   /home/isaac/.sonar/cache/63ffee0fdd63f4f2caf8170f114ad3c4/sonar-email-notifications-plugin-5.1.jar_unzip/META-INF/lib/mail-1.4.5.jar
7f33ec028000-7f33ec02a000 r--s 0000f000 00:2a 40372182                   /home/isaac/.sonar/cache/63ffee0fdd63f4f2caf8170f114ad3c4/sonar-email-notifications-plugin-5.1.jar_unzip/META-INF/lib/activation-1.1.1.jar
7f33ec02a000-7f33ec046000 r--s 00393000 fc:00 26346097                   /usr/lib/jvm/java-8-oracle/jre/lib/ext/cldrdata.jar
7f33ec046000-7f33ec0bc000 rw-p 00000000 00:00 0 
7f33ec0bc000-7f33ec0bd000 ---p 00000000 00:00 0 
7f33ec0bd000-7f33ec1bd000 rw-p 00000000 00:00 0                          [stack:5948]
7f33ec1bd000-7f33ec1c7000 r-xp 00000000 fc:00 26346035                   /usr/lib/jvm/java-8-oracle/jre/lib/amd64/libinstrument.so
7f33ec1c7000-7f33ec3c6000 ---p 0000a000 fc:00 26346035                   /usr/lib/jvm/java-8-oracle/jre/lib/amd64/libinstrument.so
7f33ec3c6000-7f33ec3c7000 rw-p 00009000 fc:00 26346035                   /usr/lib/jvm/java-8-oracle/jre/lib/amd64/libinstrument.so
7f33ec3c7000-7f33ec3f1000 r-xp 00000000 fc:00 26346009                   /usr/lib/jvm/java-8-oracle/jre/lib/amd64/libjava.so
7f33ec3f1000-7f33ec5f1000 ---p 0002a000 fc:00 26346009                   /usr/lib/jvm/java-8-oracle/jre/lib/amd64/libjava.so
7f33ec5f1000-7f33ec5f3000 rw-p 0002a000 fc:00 26346009                   /usr/lib/jvm/java-8-oracle/jre/lib/amd64/libjava.so
7f33ec5f3000-7f33ec600000 r-xp 00000000 fc:00 26346054                   /usr/lib/jvm/java-8-oracle/jre/lib/amd64/libverify.so
7f33ec600000-7f33ec800000 ---p 0000d000 fc:00 26346054                   /usr/lib/jvm/java-8-oracle/jre/lib/amd64/libverify.so
7f33ec800000-7f33ec802000 rw-p 0000d000 fc:00 26346054                   /usr/lib/jvm/java-8-oracle/jre/lib/amd64/libverify.so
7f33ec802000-7f33ec809000 r-xp 00000000 fc:00 12320953                   /lib/x86_64-linux-gnu/librt-2.21.so
7f33ec809000-7f33eca08000 ---p 00007000 fc:00 12320953                   /lib/x86_64-linux-gnu/librt-2.21.so
7f33eca08000-7f33eca09000 r--p 00006000 fc:00 12320953                   /lib/x86_64-linux-gnu/librt-2.21.so
7f33eca09000-7f33eca0a000 rw-p 00007000 fc:00 12320953                   /lib/x86_64-linux-gnu/librt-2.21.so
7f33eca0a000-7f33ecb11000 r-xp 00000000 fc:00 12320951                   /lib/x86_64-linux-gnu/libm-2.21.so
7f33ecb11000-7f33ecd10000 ---p 00107000 fc:00 12320951                   /lib/x86_64-linux-gnu/libm-2.21.so
7f33ecd10000-7f33ecd11000 r--p 00106000 fc:00 12320951                   /lib/x86_64-linux-gnu/libm-2.21.so
7f33ecd11000-7f33ecd12000 rw-p 00107000 fc:00 12320951                   /lib/x86_64-linux-gnu/libm-2.21.so
7f33ecd12000-7f33ed9c0000 r-xp 00000000 fc:00 26346060                   /usr/lib/jvm/java-8-oracle/jre/lib/amd64/server/libjvm.so
7f33ed9c0000-7f33edbbf000 ---p 00cae000 fc:00 26346060                   /usr/lib/jvm/java-8-oracle/jre/lib/amd64/server/libjvm.so
7f33edbbf000-7f33edc96000 rw-p 00cad000 fc:00 26346060                   /usr/lib/jvm/java-8-oracle/jre/lib/amd64/server/libjvm.so
7f33edc96000-7f33edcda000 rw-p 00000000 00:00 0 
7f33edcda000-7f33ede9a000 r-xp 00000000 fc:00 12320956                   /lib/x86_64-linux-gnu/libc-2.21.so
7f33ede9a000-7f33ee09a000 ---p 001c0000 fc:00 12320956                   /lib/x86_64-linux-gnu/libc-2.21.so
7f33ee09a000-7f33ee09e000 r--p 001c0000 fc:00 12320956                   /lib/x86_64-linux-gnu/libc-2.21.so
7f33ee09e000-7f33ee0a0000 rw-p 001c4000 fc:00 12320956                   /lib/x86_64-linux-gnu/libc-2.21.so
7f33ee0a0000-7f33ee0a4000 rw-p 00000000 00:00 0 
7f33ee0a4000-7f33ee0a7000 r-xp 00000000 fc:00 12320939                   /lib/x86_64-linux-gnu/libdl-2.21.so
7f33ee0a7000-7f33ee2a6000 ---p 00003000 fc:00 12320939                   /lib/x86_64-linux-gnu/libdl-2.21.so
7f33ee2a6000-7f33ee2a7000 r--p 00002000 fc:00 12320939                   /lib/x86_64-linux-gnu/libdl-2.21.so
7f33ee2a7000-7f33ee2a8000 rw-p 00003000 fc:00 12320939                   /lib/x86_64-linux-gnu/libdl-2.21.so
7f33ee2a8000-7f33ee2bd000 r-xp 00000000 fc:00 26346018                   /usr/lib/jvm/java-8-oracle/jre/lib/amd64/jli/libjli.so
7f33ee2bd000-7f33ee4bd000 ---p 00015000 fc:00 26346018                   /usr/lib/jvm/java-8-oracle/jre/lib/amd64/jli/libjli.so
7f33ee4bd000-7f33ee4be000 rw-p 00015000 fc:00 26346018                   /usr/lib/jvm/java-8-oracle/jre/lib/amd64/jli/libjli.so
7f33ee4be000-7f33ee4d6000 r-xp 00000000 fc:00 12320943                   /lib/x86_64-linux-gnu/libpthread-2.21.so
7f33ee4d6000-7f33ee6d6000 ---p 00018000 fc:00 12320943                   /lib/x86_64-linux-gnu/libpthread-2.21.so
7f33ee6d6000-7f33ee6d7000 r--p 00018000 fc:00 12320943                   /lib/x86_64-linux-gnu/libpthread-2.21.so
7f33ee6d7000-7f33ee6d8000 rw-p 00019000 fc:00 12320943                   /lib/x86_64-linux-gnu/libpthread-2.21.so
7f33ee6d8000-7f33ee6dc000 rw-p 00000000 00:00 0 
7f33ee6dc000-7f33ee700000 r-xp 00000000 fc:00 12320942                   /lib/x86_64-linux-gnu/ld-2.21.so
7f33ee700000-7f33ee702000 r--s 00091000 00:2a 38012973                   /home/isaac/.sonar/cache/63ffee0fdd63f4f2caf8170f114ad3c4/sonar-email-notifications-plugin-5.1.jar
7f33ee702000-7f33ee703000 r--s 00002000 00:2a 38012972                   /home/isaac/.sonar/cache/3ea2c0afe6e6b9701e4d5c8af382d388/sonar-cobertura-plugin-1.6.3.jar
7f33ee703000-7f33ee704000 r--s 00009000 fc:00 26346094                   /usr/lib/jvm/java-8-oracle/jre/lib/ext/sunec.jar
7f33ee704000-7f33ee709000 r--s 00094000 fc:00 26225639                   /usr/lib/jvm/java-8-oracle/jre/lib/jsse.jar
7f33ee709000-7f33ee714000 r--s 00116000 fc:00 26346095                   /usr/lib/jvm/java-8-oracle/jre/lib/ext/localedata.jar
7f33ee714000-7f33ee7be000 rw-p 00000000 00:00 0 
7f33ee7be000-7f33ee7c1000 ---p 00000000 00:00 0 
7f33ee7c1000-7f33ee8c3000 rw-p 00000000 00:00 0                          [stack:5947]
7f33ee8c3000-7f33ee8c6000 r--s 0001a000 fc:00 26225654                   /usr/lib/jvm/java-8-oracle/jre/lib/jce.jar
7f33ee8c6000-7f33ee8c7000 r--s 00001000 fc:00 12452017                   /tmp/sonar-runner-batch3436805588028114446.jar
7f33ee8c7000-7f33ee8c8000 r--s 00000000 fc:00 26746687                   /usr/share/java/jayatanaag.jar
7f33ee8c8000-7f33ee8cc000 r--s 00041000 fc:00 32769555                   /opt/sonar-runner/lib/sonar-runner-dist-2.4.jar
7f33ee8cc000-7f33ee8f3000 rw-p 00000000 00:00 0 
7f33ee8f3000-7f33ee8fb000 rw-s 00000000 fc:00 12452016                   /tmp/hsperfdata_isaac/5940
7f33ee8fb000-7f33ee8fc000 rw-p 00000000 00:00 0 
7f33ee8fc000-7f33ee8fd000 ---p 00000000 00:00 0 
7f33ee8fd000-7f33ee8ff000 rw-p 00000000 00:00 0 
7f33ee8ff000-7f33ee900000 r--p 00023000 fc:00 12320942                   /lib/x86_64-linux-gnu/ld-2.21.so
7f33ee900000-7f33ee901000 rw-p 00024000 fc:00 12320942                   /lib/x86_64-linux-gnu/ld-2.21.so
7f33ee901000-7f33ee902000 rw-p 00000000 00:00 0 
7ffdf922f000-7ffdf9251000 rw-p 00000000 00:00 0                          [stack]
7ffdf9365000-7ffdf9367000 r--p 00000000 00:00 0                          [vvar]
7ffdf9367000-7ffdf9369000 r-xp 00000000 00:00 0                          [vdso]
ffffffffff600000-ffffffffff601000 r-xp 00000000 00:00 0                  [vsyscall]

VM Arguments:
jvm_args: -javaagent:/usr/share/java/jayatanaag.jar -Drunner.home=/opt/sonar-runner -Dproject.home=/home/isaac/git/sonar-quamoco-plugin 
java_command: org.sonar.runner.Main
java_class_path (initial): /opt/sonar-runner/lib/sonar-runner-dist-2.4.jar:/usr/share/java/jayatanaag.jar
Launcher Type: SUN_STANDARD

Environment Variables:
JAVA_HOME=/usr/lib/jvm/java-8-oracle/jre
JAVA_TOOL_OPTIONS=-javaagent:/usr/share/java/jayatanaag.jar 
PATH=/home/isaac/bin:/usr/local/sbin:/usr/local/bin:/usr/sbin:/usr/bin:/sbin:/bin:/usr/games:/usr/local/games:/usr/lib/jvm/java-8-oracle/bin:/usr/lib/jvm/java-8-oracle/db/bin:/usr/lib/jvm/java-8-oracle/jre/bin
SHELL=/bin/bash
DISPLAY=:0

Signal Handlers:
SIGSEGV: [libjvm.so+0xaad1e0], sa_mask[0]=11111111011111111101111111111110, sa_flags=SA_RESTART|SA_SIGINFO
SIGBUS: [libjvm.so+0xaad1e0], sa_mask[0]=11111111011111111101111111111110, sa_flags=SA_RESTART|SA_SIGINFO
SIGFPE: [libjvm.so+0x90b450], sa_mask[0]=11111111011111111101111111111110, sa_flags=SA_RESTART|SA_SIGINFO
SIGPIPE: [libjvm.so+0x90b450], sa_mask[0]=11111111011111111101111111111110, sa_flags=SA_RESTART|SA_SIGINFO
SIGXFSZ: [libjvm.so+0x90b450], sa_mask[0]=11111111011111111101111111111110, sa_flags=SA_RESTART|SA_SIGINFO
SIGILL: [libjvm.so+0x90b450], sa_mask[0]=11111111011111111101111111111110, sa_flags=SA_RESTART|SA_SIGINFO
SIGUSR1: SIG_DFL, sa_mask[0]=00000000000000000000000000000000, sa_flags=none
SIGUSR2: [libjvm.so+0x90ca90], sa_mask[0]=00000000000000000000000000000000, sa_flags=SA_RESTART|SA_SIGINFO
SIGHUP: [libjvm.so+0x90dde0], sa_mask[0]=11111111011111111101111111111110, sa_flags=SA_RESTART|SA_SIGINFO
SIGINT: [libjvm.so+0x90dde0], sa_mask[0]=11111111011111111101111111111110, sa_flags=SA_RESTART|SA_SIGINFO
SIGTERM: [libjvm.so+0x90dde0], sa_mask[0]=11111111011111111101111111111110, sa_flags=SA_RESTART|SA_SIGINFO
SIGQUIT: [libjvm.so+0x90dde0], sa_mask[0]=11111111011111111101111111111110, sa_flags=SA_RESTART|SA_SIGINFO


---------------  S Y S T E M  ---------------

OS:DISTRIB_ID=Ubuntu
DISTRIB_RELEASE=15.04
DISTRIB_CODENAME=vivid
DISTRIB_DESCRIPTION="Ubuntu 15.04"

uname:Linux 3.19.0-18-generic #18-Ubuntu SMP Tue May 19 18:31:35 UTC 2015 x86_64
libc:glibc 2.21 NPTL 2.21 
rlimit: STACK 8192k, CORE 0k, NPROC 31457, NOFILE 65536, AS infinity
load average:3.04 1.46 1.47

/proc/meminfo:
MemTotal:        8085832 kB
MemFree:          128844 kB
MemAvailable:     115764 kB
Buffers:            2224 kB
Cached:           514904 kB
SwapCached:            0 kB
Active:          7214636 kB
Inactive:         427920 kB
Active(anon):    7174264 kB
Inactive(anon):   401268 kB
Active(file):      40372 kB
Inactive(file):    26652 kB
Unevictable:         452 kB
Mlocked:             452 kB
SwapTotal:             0 kB
SwapFree:              0 kB
Dirty:               256 kB
Writeback:             0 kB
AnonPages:       7126764 kB
Mapped:           248916 kB
Shmem:            449264 kB
Slab:             154996 kB
SReclaimable:      75752 kB
SUnreclaim:        79244 kB
KernelStack:       17760 kB
PageTables:        71612 kB
NFS_Unstable:          0 kB
Bounce:                0 kB
WritebackTmp:          0 kB
CommitLimit:     4042916 kB
Committed_AS:   16725500 kB
VmallocTotal:   34359738367 kB
VmallocUsed:      363772 kB
VmallocChunk:   34359366416 kB
HardwareCorrupted:     0 kB
AnonHugePages:   2332672 kB
CmaTotal:              0 kB
CmaFree:               0 kB
HugePages_Total:       0
HugePages_Free:        0
HugePages_Rsvd:        0
HugePages_Surp:        0
Hugepagesize:       2048 kB
DirectMap4k:      225336 kB
DirectMap2M:     5976064 kB
DirectMap1G:     3145728 kB


CPU:total 4 (2 cores per cpu, 2 threads per core) family 6 model 61 stepping 4, cmov, cx8, fxsr, mmx, sse, sse2, sse3, ssse3, sse4.1, sse4.2, popcnt, avx, avx2, aes, clmul, erms, 3dnowpref, lzcnt, ht, tsc, tscinvbit, bmi1, bmi2, adx

/proc/cpuinfo:
processor	: 0
vendor_id	: GenuineIntel
cpu family	: 6
model		: 61
model name	: Intel(R) Core(TM) i3-5005U CPU @ 2.00GHz
stepping	: 4
microcode	: 0x12
cpu MHz		: 2000.000
cache size	: 3072 KB
physical id	: 0
siblings	: 4
core id		: 0
cpu cores	: 2
apicid		: 0
initial apicid	: 0
fpu		: yes
fpu_exception	: yes
cpuid level	: 20
wp		: yes
flags		: fpu vme de pse tsc msr pae mce cx8 apic sep mtrr pge mca cmov pat pse36 clflush dts acpi mmx fxsr sse sse2 ss ht tm pbe syscall nx pdpe1gb rdtscp lm constant_tsc arch_perfmon pebs bts rep_good nopl xtopology nonstop_tsc aperfmperf eagerfpu pni pclmulqdq dtes64 monitor ds_cpl vmx est tm2 ssse3 fma cx16 xtpr pdcm pcid sse4_1 sse4_2 x2apic movbe popcnt tsc_deadline_timer aes xsave avx f16c rdrand lahf_lm abm 3dnowprefetch arat epb pln pts dtherm tpr_shadow vnmi flexpriority ept vpid fsgsbase tsc_adjust bmi1 avx2 smep bmi2 erms invpcid rdseed adx smap xsaveopt
bugs		:
bogomips	: 3990.69
clflush size	: 64
cache_alignment	: 64
address sizes	: 39 bits physical, 48 bits virtual
power management:

processor	: 1
vendor_id	: GenuineIntel
cpu family	: 6
model		: 61
model name	: Intel(R) Core(TM) i3-5005U CPU @ 2.00GHz
stepping	: 4
microcode	: 0x12
cpu MHz		: 2000.000
cache size	: 3072 KB
physical id	: 0
siblings	: 4
core id		: 1
cpu cores	: 2
apicid		: 2
initial apicid	: 2
fpu		: yes
fpu_exception	: yes
cpuid level	: 20
wp		: yes
flags		: fpu vme de pse tsc msr pae mce cx8 apic sep mtrr pge mca cmov pat pse36 clflush dts acpi mmx fxsr sse sse2 ss ht tm pbe syscall nx pdpe1gb rdtscp lm constant_tsc arch_perfmon pebs bts rep_good nopl xtopology nonstop_tsc aperfmperf eagerfpu pni pclmulqdq dtes64 monitor ds_cpl vmx est tm2 ssse3 fma cx16 xtpr pdcm pcid sse4_1 sse4_2 x2apic movbe popcnt tsc_deadline_timer aes xsave avx f16c rdrand lahf_lm abm 3dnowprefetch arat epb pln pts dtherm tpr_shadow vnmi flexpriority ept vpid fsgsbase tsc_adjust bmi1 avx2 smep bmi2 erms invpcid rdseed adx smap xsaveopt
bugs		:
bogomips	: 3990.69
clflush size	: 64
cache_alignment	: 64
address sizes	: 39 bits physical, 48 bits virtual
power management:

processor	: 2
vendor_id	: GenuineIntel
cpu family	: 6
model		: 61
model name	: Intel(R) Core(TM) i3-5005U CPU @ 2.00GHz
stepping	: 4
microcode	: 0x12
cpu MHz		: 2000.000
cache size	: 3072 KB
physical id	: 0
siblings	: 4
core id		: 0
cpu cores	: 2
apicid		: 1
initial apicid	: 1
fpu		: yes
fpu_exception	: yes
cpuid level	: 20
wp		: yes
flags		: fpu vme de pse tsc msr pae mce cx8 apic sep mtrr pge mca cmov pat pse36 clflush dts acpi mmx fxsr sse sse2 ss ht tm pbe syscall nx pdpe1gb rdtscp lm constant_tsc arch_perfmon pebs bts rep_good nopl xtopology nonstop_tsc aperfmperf eagerfpu pni pclmulqdq dtes64 monitor ds_cpl vmx est tm2 ssse3 fma cx16 xtpr pdcm pcid sse4_1 sse4_2 x2apic movbe popcnt tsc_deadline_timer aes xsave avx f16c rdrand lahf_lm abm 3dnowprefetch arat epb pln pts dtherm tpr_shadow vnmi flexpriority ept vpid fsgsbase tsc_adjust bmi1 avx2 smep bmi2 erms invpcid rdseed adx smap xsaveopt
bugs		:
bogomips	: 3990.69
clflush size	: 64
cache_alignment	: 64
address sizes	: 39 bits physical, 48 bits virtual
power management:

processor	: 3
vendor_id	: GenuineIntel
cpu family	: 6
model		: 61
model name	: Intel(R) Core(TM) i3-5005U CPU @ 2.00GHz
stepping	: 4
microcode	: 0x12
cpu MHz		: 1999.921
cache size	: 3072 KB
physical id	: 0
siblings	: 4
core id		: 1
cpu cores	: 2
apicid		: 3
initial apicid	: 3
fpu		: yes
fpu_exception	: yes
cpuid level	: 20
wp		: yes
flags		: fpu vme de pse tsc msr pae mce cx8 apic sep mtrr pge mca cmov pat pse36 clflush dts acpi mmx fxsr sse sse2 ss ht tm pbe syscall nx pdpe1gb rdtscp lm constant_tsc arch_perfmon pebs bts rep_good nopl xtopology nonstop_tsc aperfmperf eagerfpu pni pclmulqdq dtes64 monitor ds_cpl vmx est tm2 ssse3 fma cx16 xtpr pdcm pcid sse4_1 sse4_2 x2apic movbe popcnt tsc_deadline_timer aes xsave avx f16c rdrand lahf_lm abm 3dnowprefetch arat epb pln pts dtherm tpr_shadow vnmi flexpriority ept vpid fsgsbase tsc_adjust bmi1 avx2 smep bmi2 erms invpcid rdseed adx smap xsaveopt
bugs		:
bogomips	: 3990.69
clflush size	: 64
cache_alignment	: 64
address sizes	: 39 bits physical, 48 bits virtual
power management:



Memory: 4k page, physical 8085832k(130336k free), swap 0k(0k free)

vm_info: Java HotSpot(TM) 64-Bit Server VM (25.45-b02) for linux-amd64 JRE (1.8.0_45-b14), built on Apr 10 2015 10:07:45 by "java_re" with gcc 4.3.0 20080428 (Red Hat 4.3.0-8)

time: Mon Jun  1 10:00:33 2015
elapsed time: 37 seconds (0d 0h 0m 37s)

